<?xml version="1.0" encoding="UTF-8"?>
<!-- Generated by org.testng.reporters.JUnitXMLReporter -->
<testsuite ignored="0" hostname="DESKTOP-I7QI4F5" failures="0" tests="2" name="Default test" time="0.095" errors="0" timestamp="2022-07-21T19:17:45 IST">
  <testcase classname="rcbproject.testrcb.ProblemSolvingRCBTest" name="validateForeignPlayer" time="0.01"/>
  <testcase classname="rcbproject.testrcb.ProblemSolvingRCBTest" name="validateWicketKeeper" time="0.002"/>
</testsuite> <!-- Default test -->
