<?xml version="1.0" encoding="UTF-8"?>
<testng-results ignored="0" total="2" passed="2" failed="0" skipped="0">
  <reporter-output>
  </reporter-output>
  <suite started-at="2022-07-21T15:07:13 IST" name="Default suite" finished-at="2022-07-21T15:07:13 IST" duration-ms="225">
    <groups>
    </groups>
    <test started-at="2022-07-21T15:07:13 IST" name="Default test" finished-at="2022-07-21T15:07:13 IST" duration-ms="225">
      <class name="rcbproject.testrcb.ProblemSolveRCBTest">
        <test-method is-config="true" signature="readJson()[pri:0, instance:rcbproject.testrcb.ProblemSolveRCBTest@37883b97]" started-at="2022-07-21T15:07:13 IST" name="readJson" finished-at="2022-07-21T15:07:13 IST" duration-ms="112" status="PASS">
          <reporter-output>
          </reporter-output>
        </test-method> <!-- readJson -->
        <test-method signature="validateForeignPlayer()[pri:0, instance:rcbproject.testrcb.ProblemSolveRCBTest@37883b97]" started-at="2022-07-21T15:07:13 IST" name="validateForeignPlayer" finished-at="2022-07-21T15:07:13 IST" duration-ms="22" status="PASS">
          <reporter-output>
          </reporter-output>
        </test-method> <!-- validateForeignPlayer -->
        <test-method is-config="true" signature="readJson()[pri:0, instance:rcbproject.testrcb.ProblemSolveRCBTest@37883b97]" started-at="2022-07-21T15:07:13 IST" name="readJson" finished-at="2022-07-21T15:07:13 IST" duration-ms="2" status="PASS">
          <reporter-output>
          </reporter-output>
        </test-method> <!-- readJson -->
        <test-method signature="validateWicketKeeper()[pri:0, instance:rcbproject.testrcb.ProblemSolveRCBTest@37883b97]" started-at="2022-07-21T15:07:13 IST" name="validateWicketKeeper" finished-at="2022-07-21T15:07:13 IST" duration-ms="2" status="PASS">
          <reporter-output>
          </reporter-output>
        </test-method> <!-- validateWicketKeeper -->
      </class> <!-- rcbproject.testrcb.ProblemSolveRCBTest -->
    </test> <!-- Default test -->
  </suite> <!-- Default suite -->
</testng-results>
